app/build/intermediates/manifest_merge_blame_file/debug/manifest-merger-blame-debug-report.txt
1<?xml version="1.0" encoding="utf-8"?>
2<manifest xmlns:android="http://schemas.android.com/apk/res/android"
3    package="com.example.myselftravel3"
4    android:versionCode="1"
5    android:versionName="1.0" >
6
7    <uses-sdk
8        android:minSdkVersion="16"
8-->src\main\AndroidManifest.xml
9        android:targetSdkVersion="29" />
9-->src\main\AndroidManifest.xml
10
11    <application
11-->src\main\AndroidManifest.xml:6:5-30:19
12        android:allowBackup="true"
12-->src\main\AndroidManifest.xml:7:9-35
13        android:appComponentFactory="androidx.core.app.CoreComponentFactory"
13-->[androidx.core:core:1.1.0] AndroidManifest.xml:24:18-86
14        android:debuggable="true"
15        android:icon="@mipmap/ic_launcher"
15-->src\main\AndroidManifest.xml:8:9-43
16        android:label="@string/app_name"
16-->src\main\AndroidManifest.xml:9:9-41
17        android:roundIcon="@mipmap/ic_launcher_round"
17-->src\main\AndroidManifest.xml:10:9-54
18        android:supportsRtl="true"
18-->src\main\AndroidManifest.xml:11:9-35
19        android:testOnly="true"
20        android:theme="@style/AppTheme" >
20-->src\main\AndroidManifest.xml:12:9-40
21        <activity android:name="com.example.myselftravel3.ManagerAdmin.DoAn.Manager_AddDoAn" />
21-->src\main\AndroidManifest.xml:13:9-80
21-->src\main\AndroidManifest.xml:13:19-68
22        <activity android:name="com.example.myselftravel3.AccountUser.AdapaterManagerUser" />
22-->src\main\AndroidManifest.xml:14:9-69
22-->src\main\AndroidManifest.xml:14:19-66
23        <activity android:name="com.example.myselftravel3.ManagerAdmin.DoAn.AdapterManagerDoAn" />
23-->src\main\AndroidManifest.xml:15:9-74
23-->src\main\AndroidManifest.xml:15:19-71
24        <activity android:name="com.example.myselftravel3.ManagerAdmin.DoAn.ManagerAdminActivity_DoAn" />
24-->src\main\AndroidManifest.xml:16:9-81
24-->src\main\AndroidManifest.xml:16:19-78
25        <activity android:name="com.example.myselftravel3.AccountUser.Activity_account_user" />
25-->src\main\AndroidManifest.xml:17:9-71
25-->src\main\AndroidManifest.xml:17:19-68
26        <activity android:name="com.example.myselftravel3.ManagerAdmin.Activity_Admin_Menu" />
26-->src\main\AndroidManifest.xml:18:9-70
26-->src\main\AndroidManifest.xml:18:19-67
27        <activity android:name="com.example.myselftravel3.Login.SignUp" />
27-->src\main\AndroidManifest.xml:19:9-50
27-->src\main\AndroidManifest.xml:19:19-47
28        <activity android:name="com.example.myselftravel3.ManagerAdmin.DiaDiem.Manager_AddDiaDiem" />
28-->src\main\AndroidManifest.xml:20:9-77
28-->src\main\AndroidManifest.xml:20:19-74
29        <activity android:name="com.example.myselftravel3.ManagerAdmin.DoAn.ManagerAdminActivity_DoAn" />
29-->src\main\AndroidManifest.xml:16:9-81
29-->src\main\AndroidManifest.xml:16:19-78
30        <activity android:name="com.example.myselftravel3.ManagerAdmin.DiaDiem.ManagerAdminActivity" />
30-->src\main\AndroidManifest.xml:22:9-79
30-->src\main\AndroidManifest.xml:22:19-76
31        <activity android:name="com.example.myselftravel3.MainActivity" >
31-->src\main\AndroidManifest.xml:23:9-29:20
31-->src\main\AndroidManifest.xml:23:19-47
32            <intent-filter>
32-->src\main\AndroidManifest.xml:24:13-28:29
33                <action android:name="android.intent.action.MAIN" />
33-->src\main\AndroidManifest.xml:25:17-69
33-->src\main\AndroidManifest.xml:25:25-66
34
35                <category android:name="android.intent.category.LAUNCHER" />
35-->src\main\AndroidManifest.xml:27:17-77
35-->src\main\AndroidManifest.xml:27:27-74
36            </intent-filter>
37        </activity>
38
39        <service
39-->[androidx.room:room-runtime:2.2.5] AndroidManifest.xml:25:9-28:40
40            android:name="androidx.room.MultiInstanceInvalidationService"
40-->[androidx.room:room-runtime:2.2.5] AndroidManifest.xml:26:13-74
41            android:directBootAware="true"
41-->[androidx.room:room-runtime:2.2.5] AndroidManifest.xml:27:13-43
42            android:exported="false" />
42-->[androidx.room:room-runtime:2.2.5] AndroidManifest.xml:28:13-37
43    </application>
44
45</manifest>